<?xml version="1.0" encoding="UTF-8"?>
<!-- Generated by org.testng.reporters.JUnitReportReporter -->
<testsuite name="TestSnl" tests="8" time="0.086" ignored="0" failures="0" timestamp="26 Jun 2018 07:52:07 GMT" skipped="0" hostname="asd1558po01976" errors="0">
  <testcase name="checkThatTurnIsChanging" time="0.008" classname="TestSnl"/>
  <testcase name="addMaxPlayers" time="0.010" classname="TestSnl"/>
  <testcase name="playerIsAlreadyRegisterd" time="0.007" classname="TestSnl"/>
  <testcase name="deleteRegisteredPlayer" time="0.009" classname="TestSnl"/>
  <testcase name="GameInProgressException" time="0.025" classname="TestSnl"/>
  <testcase name="DeleteUnregisteredPlayer" time="0.007" classname="TestSnl"/>
  <testcase name="test_position_chnaged_or_not" time="0.013" classname="TestSnl"/>
  <testcase name="test_Invalid_turn" time="0.007" classname="TestSnl"/>
</testsuite> <!-- TestSnl -->
